<?xml version="1.0" encoding="UTF-8"?>
<!-- Generated by org.testng.reporters.JUnitReportReporter -->
<testsuite hostname="DESKTOP-5TCP881" failures="0" tests="6" name="HomePage.HomePageTest" time="7.314" errors="0" timestamp="2024-01-08T20:41:57 IST" skipped="2">
  <testcase classname="HomePage.HomePageTest" name="validateProductList" time="0.538"/>
  <system-out/>
  <testcase classname="HomePage.HomePageTest" name="validateProductAndtheirPrice" time="0.664"/>
  <system-out/>
  <testcase classname="HomePage.HomePageTest" name="validateAddtoCart" time="5.811"/>
  <system-out/>
  <testcase classname="HomePage.HomePageTest" name="validateShoppingCart" time="0.301"/>
  <system-out/>
  <testcase classname="HomePage.HomePageTest" name="validateFilterOption3">
    <skipped/>
  </testcase> <!-- validateFilterOption3 -->
  <system-out/>
  <testcase classname="HomePage.HomePageTest" name="validateFilterOption2">
    <skipped/>
  </testcase> <!-- validateFilterOption2 -->
  <system-out/>
</testsuite> <!-- HomePage.HomePageTest -->
