<?xml version="1.0" encoding="UTF-8"?>
<!-- Generated by org.testng.reporters.JUnitReportReporter -->
<testsuite hostname="DESKTOP-5TCP881" failures="0" tests="6" name="HomePage.HomePageTest" time="4.812" errors="0" timestamp="2024-01-10T20:18:40 IST" skipped="3">
  <testcase classname="HomePage.HomePageTest" name="validateProductList" time="0.821"/>
  <system-out/>
  <testcase classname="HomePage.HomePageTest" name="validateProductAndtheirPrice" time="0.372"/>
  <system-out/>
  <testcase classname="HomePage.HomePageTest" name="validateFilterOption2" time="3.619"/>
  <system-out/>
  <testcase classname="HomePage.HomePageTest" name="validateAddtoCart">
    <skipped/>
  </testcase> <!-- validateAddtoCart -->
  <system-out/>
  <testcase classname="HomePage.HomePageTest" name="validateFilterOption3">
    <skipped/>
  </testcase> <!-- validateFilterOption3 -->
  <system-out/>
  <testcase classname="HomePage.HomePageTest" name="validateShoppingCart">
    <skipped/>
  </testcase> <!-- validateShoppingCart -->
  <system-out/>
</testsuite> <!-- HomePage.HomePageTest -->
