<?xml version="1.0" encoding="UTF-8"?>
<!-- Generated by org.testng.reporters.JUnitReportReporter -->
<testsuite hostname="DESKTOP-5TCP881" failures="0" tests="2" name="LoginPage.LoginPageTest" time="0.880" errors="0" timestamp="2024-01-10T20:18:40 IST" skipped="0">
  <testcase classname="LoginPage.LoginPageTest" name="validateTitle" time="0.048"/>
  <system-out/>
  <testcase classname="LoginPage.LoginPageTest" name="validateLoginPage" time="0.832"/>
  <system-out/>
</testsuite> <!-- LoginPage.LoginPageTest -->
