<?xml version="1.0" encoding="UTF-8"?>
<!-- Generated by org.testng.reporters.JUnitReportReporter -->
<testsuite hostname="DESKTOP-5TCP881" failures="0" tests="2" name="LoginPage.LoginPageTest" time="1.099" errors="0" timestamp="2024-01-06T10:27:35 IST" skipped="0">
  <testcase classname="LoginPage.LoginPageTest" name="validateTitle" time="0.038"/>
  <system-out/>
  <testcase classname="LoginPage.LoginPageTest" name="validateLoginPage" time="1.061"/>
  <system-out/>
</testsuite> <!-- LoginPage.LoginPageTest -->
