<?xml version="1.0" encoding="UTF-8"?>
<!-- Generated by org.testng.reporters.JUnitReportReporter -->
<testsuite hostname="DESKTOP-5TCP881" failures="0" tests="1" name="LoginPage.LoginPageTest" time="0.745" errors="0" timestamp="2024-01-05T20:41:37 IST" skipped="0">
  <testcase classname="LoginPage.LoginPageTest" name="validateLoginPage" time="0.745"/>
  <system-out/>
</testsuite> <!-- LoginPage.LoginPageTest -->
