<?xml version="1.0" encoding="UTF-8"?>
<!-- Generated by org.testng.reporters.JUnitReportReporter -->
<testsuite hostname="DESKTOP-5TCP881" failures="0" tests="1" name="ShoppingListPage.ShoppingListPageTest" time="0.079" errors="0" timestamp="2024-01-08T20:42:52 IST" skipped="0">
  <testcase classname="ShoppingListPage.ShoppingListPageTest" name="validateShoppingList" time="0.079"/>
  <system-out/>
</testsuite> <!-- ShoppingListPage.ShoppingListPageTest -->
