<?xml version="1.0" encoding="UTF-8"?>
<!-- Generated by org.testng.reporters.JUnitReportReporter -->
<testsuite hostname="DESKTOP-5TCP881" failures="0" tests="5" name="HomePage.HomePageTest" time="5.407" errors="0" timestamp="2024-01-07T21:08:13 IST" skipped="2">
  <testcase classname="HomePage.HomePageTest" name="validateProductList" time="0.546"/>
  <system-out/>
  <testcase classname="HomePage.HomePageTest" name="validateProductAndtheirPrice" time="0.439"/>
  <system-out/>
  <testcase classname="HomePage.HomePageTest" name="validateAddtoCart" time="4.422"/>
  <system-out/>
  <testcase classname="HomePage.HomePageTest" name="validateFilterOption3">
    <skipped/>
  </testcase> <!-- validateFilterOption3 -->
  <system-out/>
  <testcase classname="HomePage.HomePageTest" name="validateFilterOption2">
    <skipped/>
  </testcase> <!-- validateFilterOption2 -->
  <system-out/>
</testsuite> <!-- HomePage.HomePageTest -->
