<?xml version="1.0" encoding="UTF-8"?>
<!-- Generated by org.testng.reporters.JUnitReportReporter -->
<testsuite hostname="DESKTOP-5TCP881" failures="0" tests="4" name="LoginPage.HomePageTest" time="2.326" errors="0" timestamp="2024-01-07T12:16:19 IST" skipped="1">
  <testcase classname="LoginPage.HomePageTest" name="validateProductList" time="0.388"/>
  <system-out/>
  <testcase classname="LoginPage.HomePageTest" name="validateProductAndtheirPrice" time="0.400"/>
  <system-out/>
  <testcase classname="LoginPage.HomePageTest" name="validateFilterOption2" time="1.538"/>
  <system-out/>
  <testcase classname="LoginPage.HomePageTest" name="validateFilterOption3">
    <skipped/>
  </testcase> <!-- validateFilterOption3 -->
  <system-out/>
</testsuite> <!-- LoginPage.HomePageTest -->
