<?xml version="1.0" encoding="UTF-8"?>
<!-- Generated by org.testng.reporters.JUnitReportReporter -->
<testsuite hostname="DESKTOP-5TCP881" failures="0" tests="2" name="LoginPage.LoginPageTest" time="2.646" errors="0" timestamp="2024-01-09T21:10:26 IST" skipped="0">
  <testcase classname="LoginPage.LoginPageTest" name="validateTitle" time="0.077"/>
  <system-out/>
  <testcase classname="LoginPage.LoginPageTest" name="validateLoginPage" time="2.569"/>
  <system-out/>
</testsuite> <!-- LoginPage.LoginPageTest -->
