<?xml version="1.0" encoding="UTF-8"?>
<!-- Generated by org.testng.reporters.JUnitReportReporter -->
<testsuite hostname="DESKTOP-5TCP881" failures="0" tests="1" name="LoginPage.HomePageTest" time="0.021" errors="0" timestamp="2024-01-06T10:38:25 IST" skipped="0">
  <testcase classname="LoginPage.HomePageTest" name="validateShoppingList" time="0.021"/>
  <system-out/>
</testsuite> <!-- LoginPage.HomePageTest -->
