<?xml version="1.0" encoding="UTF-8"?>
<!-- Generated by org.testng.reporters.JUnitReportReporter -->
<testsuite hostname="DESKTOP-5TCP881" failures="0" tests="4" name="HomePage.HomePageTest" time="2.592" errors="0" timestamp="2024-01-07T12:31:03 IST" skipped="1">
  <testcase classname="HomePage.HomePageTest" name="validateProductList" time="0.525"/>
  <system-out/>
  <testcase classname="HomePage.HomePageTest" name="validateProductAndtheirPrice" time="0.374"/>
  <system-out/>
  <testcase classname="HomePage.HomePageTest" name="validateFilterOption2" time="1.693"/>
  <system-out/>
  <testcase classname="HomePage.HomePageTest" name="validateFilterOption3">
    <skipped/>
  </testcase> <!-- validateFilterOption3 -->
  <system-out/>
</testsuite> <!-- HomePage.HomePageTest -->
