<?xml version="1.0" encoding="UTF-8"?>
<!-- Generated by org.testng.reporters.JUnitReportReporter -->
<testsuite hostname="DESKTOP-5TCP881" failures="0" tests="6" name="HomePage.HomePageTest" time="6.458" errors="0" timestamp="2024-01-16T19:43:33 IST" skipped="2">
  <testcase classname="HomePage.HomePageTest" name="validateProductList" time="0.455"/>
  <system-out/>
  <testcase classname="HomePage.HomePageTest" name="validateProductAndtheirPrice" time="0.374"/>
  <system-out/>
  <testcase classname="HomePage.HomePageTest" name="validateAddtoCart" time="4.703"/>
  <system-out/>
  <testcase classname="HomePage.HomePageTest" name="validateShoppingList" time="0.926"/>
  <system-out/>
  <testcase classname="HomePage.HomePageTest" name="validateFilterOption3">
    <skipped/>
  </testcase> <!-- validateFilterOption3 -->
  <system-out/>
  <testcase classname="HomePage.HomePageTest" name="validateFilterOption2">
    <skipped/>
  </testcase> <!-- validateFilterOption2 -->
  <system-out/>
</testsuite> <!-- HomePage.HomePageTest -->
